[20:17:00] [main/WARN] (FabricLoader/Knot) Class path entries reference missing files: /workspace/AETHERKLANG/build/resources/client - the game may not load properly!
[20:17:00] [main/INFO] (FabricLoader/GameProvider) Loading Minecraft 1.21.9 with Fabric Loader 0.17.2
[20:17:00] [main/INFO] (FabricLoader) Loading 51 mods:
	- aetherklang 0.2.0-sinfonie
	- fabric-api 0.134.1+1.21.9
	- fabric-api-base 1.0.0+14b92d897d
	- fabric-api-lookup-api-v1 1.6.106+d17682157d
	- fabric-biome-api-v1 16.1.0+c2417d4f7d
	- fabric-block-api-v1 1.1.5+d17682157d
	- fabric-block-view-api-v2 1.0.34+e4fd1b927d
	- fabric-client-gametest-api-v1 4.2.13+14b92d897d
	- fabric-command-api-v2 2.3.7+328a75ba7d
	- fabric-content-registries-v0 10.2.3+b6a242647d
	- fabric-convention-tags-v1 2.1.47+7f945d5b7d
	- fabric-convention-tags-v2 2.15.12+3154c1c87d
	- fabric-crash-report-info-v1 0.3.18+33df5e6e7d
	- fabric-data-attachment-api-v1 1.8.28+9bce411b7d
	- fabric-data-generation-api-v1 23.2.22+d8b85ef17d
	- fabric-dimensions-v1 4.0.22+38b9cc197d
	- fabric-entity-events-v1 2.1.12+14b92d897d
	- fabric-events-interaction-v0 4.0.35+5ba217127d
	- fabric-game-rule-api-v1 1.1.1+e47eaae57d
	- fabric-gametest-api-v1 3.1.18+33df5e6e7d
	- fabric-item-api-v1 11.5.8+9bce411b7d
	- fabric-item-group-api-v1 4.2.24+86b3ae577d
	- fabric-key-binding-api-v1 1.1.1+b3ba9c487d
	- fabric-lifecycle-events-v1 2.6.9+33df5e6e7d
	- fabric-loot-api-v2 3.0.64+3f89f5a57d
	- fabric-loot-api-v3 2.0.11+d17682157d
	- fabric-message-api-v1 6.1.7+3154c1c87d
	- fabric-model-loading-api-v1 6.0.1+3ffd6ef07d
	- fabric-networking-api-v1 5.0.13+d269470c7d
	- fabric-object-builder-api-v1 21.1.24+9bce411b7d
	- fabric-particles-v1 4.2.2+a0ee59a47d
	- fabric-recipe-api-v1 8.1.26+d17682157d
	- fabric-registry-sync-v0 6.1.41+679c8c5c7d
	- fabric-renderer-api-v1 7.1.2+c523dc837d
	- fabric-renderer-indigo 4.0.20+c523dc837d
	- fabric-rendering-fluids-v1 3.1.38+86b3ae577d
	- fabric-rendering-v1 16.0.1+328a75ba7d
	- fabric-resource-conditions-api-v1 5.0.28+33df5e6e7d
	- fabric-resource-loader-v0 3.2.2+3388a3b27d
	- fabric-resource-loader-v1 1.0.2+225bca407d
	- fabric-screen-api-v1 3.1.0+9c82a7987d
	- fabric-screen-handler-api-v1 1.3.150+d17682157d
	- fabric-serialization-api-v1 1.0.0+d857c9767d
	- fabric-sound-api-v1 1.0.45+328a75ba7d
	- fabric-tag-api-v1 1.2.10+2fa446b27d
	- fabric-transfer-api-v1 6.0.15+79ec2c127d
	- fabric-transitive-access-wideners-v1 6.5.3+41eb43437d
	- fabricloader 0.17.2
	- java 21
	- minecraft 1.21.9
	- mixinextras 0.5.0
[20:17:00] [main/INFO] (FabricLoader/Mixin) SpongePowered MIXIN Subsystem Version=0.8.7 Source=file:/home/ubuntu/.gradle/caches/modules-2/files-2.1/net.fabricmc/sponge-mixin/0.16.3+mixin.0.8.7/3e535042688d1265447e52ad86950b7d9678a5fa/sponge-mixin-0.16.3+mixin.0.8.7.jar Service=Knot/Fabric Env=CLIENT
[20:17:00] [main/INFO] (FabricLoader/Mixin) Loaded Fabric development mappings for mixin remapper!
[20:17:01] [main/INFO] (FabricLoader/Mixin) Compatibility level set to JAVA_21
[20:17:02] [main/INFO] (FabricLoader/MixinExtras|Service) Initializing MixinExtras via com.llamalad7.mixinextras.service.MixinExtrasServiceImpl(version=0.5.0).
[20:17:04] [Datafixer Bootstrap/INFO] (Minecraft) 278 Datafixer optimizations took 660 milliseconds
[20:17:12] [Render thread/INFO] (Minecraft) Environment: Environment[sessionHost=https://sessionserver.mojang.com, servicesHost=https://api.minecraftservices.com, profilesHost=https://api.mojang.com, name=PROD]
[20:17:12] [Render thread/INFO] (Minecraft) Setting user: Player110
[20:17:12] [Render thread/INFO] (aetherklang) Sinfonie content catalog loaded: 50 definitions (4 instruments, 3 mobs, 17 islands, 1 akkorde, 1 bosses)
[20:17:12] [Render thread/INFO] (aetherklang) Bosswerk loaded 6 phase scores with 8 operations
[20:17:12] [Render thread/INFO] (aetherklang) Leitmotiv skill tree ready: 36 nodes across 3 branches
[20:17:13] [Download-2/ERROR] (Minecraft) Failed to fetch user properties
com.mojang.authlib.exceptions.InvalidCredentialsException: Status: 401
	at knot/com.mojang.authlib.exceptions.MinecraftClientHttpException.toAuthenticationException(MinecraftClientHttpException.java:59) ~[authlib-7.0.61.jar:?]
	at knot/com.mojang.authlib.yggdrasil.YggdrasilUserApiService.fetchProperties(YggdrasilUserApiService.java:150) ~[authlib-7.0.61.jar:?]
	at knot/net.minecraft.client.MinecraftClient.method_55608(MinecraftClient.java:525) ~[minecraft-clientOnly-42d054c137-1.21.9-net.fabricmc.yarn.1_21_9.1.21.9+build.1-v2.jar:?]
	at java.base/java.util.concurrent.CompletableFuture$AsyncSupply.run(CompletableFuture.java:1768) ~[?:?]
	at java.base/java.util.concurrent.ThreadPoolExecutor.runWorker(ThreadPoolExecutor.java:1144) ~[?:?]
	at java.base/java.util.concurrent.ThreadPoolExecutor$Worker.run(ThreadPoolExecutor.java:642) ~[?:?]
	at java.base/java.lang.Thread.run(Thread.java:1583) [?:?]
Caused by: com.mojang.authlib.exceptions.MinecraftClientHttpException: Status: 401
	at knot/com.mojang.authlib.minecraft.client.MinecraftClient.readInputStream(MinecraftClient.java:103) ~[authlib-7.0.61.jar:?]
	at knot/com.mojang.authlib.minecraft.client.MinecraftClient.get(MinecraftClient.java:56) ~[authlib-7.0.61.jar:?]
	at knot/com.mojang.authlib.yggdrasil.YggdrasilUserApiService.fetchProperties(YggdrasilUserApiService.java:121) ~[authlib-7.0.61.jar:?]
	... 5 more
[20:17:13] [Render thread/INFO] (aetherklang) Adaptive music sequencer ready (toggle: N)
[20:17:13] [Render thread/INFO] (aetherklang) Aetherklang registriert: Die Welt hat eine Stimme.
[20:17:13] [Render thread/INFO] (aetherklang) Insel-Komponist registered: 120 Klangmeer islands across 16 archetypes
[20:17:13] [Render thread/INFO] (aetherklang) Aetherklang-Client bereit.
[20:17:13] [Render thread/INFO] (Indigo) [Indigo] Registering Indigo renderer!
[20:17:13] [Render thread/INFO] (Minecraft) Backend library: LWJGL version 3.3.3-snapshot
[20:17:14] [Render thread/INFO] (Minecraft) Using optional rendering extensions: GL_ARB_buffer_storage, GL_KHR_debug, GL_ARB_vertex_attrib_binding, GL_ARB_direct_state_access
[20:17:16] [Download-1/INFO] (Minecraft) Could not authorize you against Realms server: java.lang.RuntimeException: Failed to parse into SignedJWT: FabricMC
[20:17:16] [Download-1/ERROR] (Minecraft) Failed to fetch Realms feature flags
net.minecraft.client.realms.exception.RealmsServiceException: Realms authentication error with message 'java.lang.RuntimeException: Failed to parse into SignedJWT: FabricMC'
	at knot/net.minecraft.client.realms.RealmsClient.execute(RealmsClient.java:516) ~[minecraft-clientOnly-42d054c137-1.21.9-net.fabricmc.yarn.1_21_9.1.21.9+build.1-v2.jar:?]
	at knot/net.minecraft.client.realms.RealmsClient.fetchFeatureFlags(RealmsClient.java:161) ~[minecraft-clientOnly-42d054c137-1.21.9-net.fabricmc.yarn.1_21_9.1.21.9+build.1-v2.jar:?]
	at java.base/java.util.concurrent.CompletableFuture$AsyncSupply.run(CompletableFuture.java:1768) ~[?:?]
	at java.base/java.util.concurrent.ThreadPoolExecutor.runWorker(ThreadPoolExecutor.java:1144) ~[?:?]
	at java.base/java.util.concurrent.ThreadPoolExecutor$Worker.run(ThreadPoolExecutor.java:642) ~[?:?]
	at java.base/java.lang.Thread.run(Thread.java:1583) [?:?]
[20:17:16] [Render thread/INFO] (Minecraft) Reloading ResourceManager: vanilla, fabric, aetherklang, fabric-api, fabric-api-base, fabric-api-lookup-api-v1, fabric-biome-api-v1, fabric-block-api-v1, fabric-block-view-api-v2, fabric-client-gametest-api-v1, fabric-command-api-v2, fabric-content-registries-v0, fabric-convention-tags-v1, fabric-convention-tags-v2, fabric-crash-report-info-v1, fabric-data-attachment-api-v1, fabric-data-generation-api-v1, fabric-dimensions-v1, fabric-entity-events-v1, fabric-events-interaction-v0, fabric-game-rule-api-v1, fabric-gametest-api-v1, fabric-item-api-v1, fabric-item-group-api-v1, fabric-key-binding-api-v1, fabric-lifecycle-events-v1, fabric-loot-api-v2, fabric-loot-api-v3, fabric-message-api-v1, fabric-model-loading-api-v1, fabric-networking-api-v1, fabric-object-builder-api-v1, fabric-particles-v1, fabric-recipe-api-v1, fabric-registry-sync-v0, fabric-renderer-api-v1, fabric-renderer-indigo, fabric-rendering-fluids-v1, fabric-rendering-v1, fabric-resource-conditions-api-v1, fabric-resource-loader-v0, fabric-resource-loader-v1, fabric-screen-api-v1, fabric-screen-handler-api-v1, fabric-serialization-api-v1, fabric-sound-api-v1, fabric-tag-api-v1, fabric-transfer-api-v1, fabric-transitive-access-wideners-v1, fabricloader
[20:17:16] [Worker-Main-2/INFO] (Minecraft) Found unifont_all_no_pua-16.0.03.hex, loading
[20:17:17] [Worker-Main-3/INFO] (Minecraft) Found unifont_pua-16.0.03.hex, loading
[20:17:17] [Worker-Main-2/INFO] (Minecraft) Found unifont_jp_patch-16.0.03.hex, loading
[20:17:17] [Worker-Main-1/ERROR] (Minecraft) Failed to load model aetherklang:models/item/motiv_pulser_spawn_egg.json
net.minecraft.util.InvalidIdentifierException: Non [a-z0-9/._-] character in path of location: minecraft:item:blaze_spawn_egg
	at knot/net.minecraft.util.Identifier.validatePath(Identifier.java:390) ~[minecraft-common-42d054c137-1.21.9-net.fabricmc.yarn.1_21_9.1.21.9+build.1-v2.jar:?]
	at knot/net.minecraft.util.Identifier.ofValidated(Identifier.java:122) ~[minecraft-common-42d054c137-1.21.9-net.fabricmc.yarn.1_21_9.1.21.9+build.1-v2.jar:?]
	at knot/net.minecraft.util.Identifier.splitOn(Identifier.java:164) ~[minecraft-common-42d054c137-1.21.9-net.fabricmc.yarn.1_21_9.1.21.9+build.1-v2.jar:?]
	at knot/net.minecraft.util.Identifier.of(Identifier.java:130) ~[minecraft-common-42d054c137-1.21.9-net.fabricmc.yarn.1_21_9.1.21.9+build.1-v2.jar:?]
	at knot/net.minecraft.client.render.model.json.JsonUnbakedModel$Deserializer.deserialize(JsonUnbakedModel.java:67) ~[minecraft-clientOnly-42d054c137-1.21.9-net.fabricmc.yarn.1_21_9.1.21.9+build.1-v2.jar:?]
	at knot/net.minecraft.client.render.model.json.JsonUnbakedModel$Deserializer.deserialize(JsonUnbakedModel.java) ~[minecraft-clientOnly-42d054c137-1.21.9-net.fabricmc.yarn.1_21_9.1.21.9+build.1-v2.jar:?]
	at knot/com.google.gson.internal.bind.TreeTypeAdapter.read(TreeTypeAdapter.java:95) ~[gson-2.11.0.jar:?]
	at knot/com.google.gson.Gson.fromJson(Gson.java:1361) ~[gson-2.11.0.jar:?]
	at knot/com.google.gson.Gson.fromJson(Gson.java:1463) ~[gson-2.11.0.jar:?]
	at knot/com.google.gson.Gson.fromJson(Gson.java:1434) ~[gson-2.11.0.jar:?]
	at knot/com.google.gson.internal.bind.TreeTypeAdapter$GsonContextImpl.deserialize(TreeTypeAdapter.java:199) ~[gson-2.11.0.jar:?]
	at knot/net.fabricmc.fabric.impl.client.model.loading.UnbakedModelJsonDeserializer.deserialize(UnbakedModelJsonDeserializer.java:70) ~[fabric-model-loading-api-v1-dd33ea72-client-6.0.1+3ffd6ef07d.jar:?]
	at knot/net.fabricmc.fabric.impl.client.model.loading.UnbakedModelJsonDeserializer.deserialize(UnbakedModelJsonDeserializer.java:35) ~[fabric-model-loading-api-v1-dd33ea72-client-6.0.1+3ffd6ef07d.jar:?]
	at knot/com.google.gson.internal.bind.TreeTypeAdapter.read(TreeTypeAdapter.java:95) ~[gson-2.11.0.jar:?]
	at knot/net.minecraft.util.JsonHelper.deserialize(JsonHelper.java:434) ~[minecraft-common-42d054c137-1.21.9-net.fabricmc.yarn.1_21_9.1.21.9+build.1-v2.jar:?]
	at knot/net.fabricmc.fabric.impl.client.model.loading.UnbakedModelDeserializerRegistry.deserialize(UnbakedModelDeserializerRegistry.java:52) ~[fabric-model-loading-api-v1-dd33ea72-client-6.0.1+3ffd6ef07d.jar:?]
	at knot/net.fabricmc.fabric.api.client.model.loading.v1.UnbakedModelDeserializer.deserialize(UnbakedModelDeserializer.java:80) ~[fabric-model-loading-api-v1-dd33ea72-client-6.0.1+3ffd6ef07d.jar:?]
	at knot/net.minecraft.client.render.model.BakedModelManager.modify$zbm000$fabric-model-loading-api-v1$actuallyDeserializeModel(BakedModelManager.java:648) ~[minecraft-clientOnly-42d054c137-1.21.9-net.fabricmc.yarn.1_21_9.1.21.9+build.1-v2.jar:?]
	at knot/net.minecraft.client.render.model.BakedModelManager.method_65750(BakedModelManager.java:190) ~[minecraft-clientOnly-42d054c137-1.21.9-net.fabricmc.yarn.1_21_9.1.21.9+build.1-v2.jar:?]
	at java.base/java.util.concurrent.CompletableFuture$AsyncSupply.run(CompletableFuture.java:1768) ~[?:?]
	at knot/net.minecraft.resource.SimpleResourceReload.method_67576(SimpleResourceReload.java:83) ~[minecraft-common-42d054c137-1.21.9-net.fabricmc.yarn.1_21_9.1.21.9+build.1-v2.jar:?]
	at java.base/java.util.concurrent.ForkJoinTask$RunnableExecuteAction.exec(ForkJoinTask.java:1423) [?:?]
	at java.base/java.util.concurrent.ForkJoinTask.doExec(ForkJoinTask.java:387) [?:?]
	at java.base/java.util.concurrent.ForkJoinPool$WorkQueue.topLevelExec(ForkJoinPool.java:1312) [?:?]
	at java.base/java.util.concurrent.ForkJoinPool.scan(ForkJoinPool.java:1843) [?:?]
	at java.base/java.util.concurrent.ForkJoinPool.runWorker(ForkJoinPool.java:1808) [?:?]
	at java.base/java.util.concurrent.ForkJoinWorkerThread.run(ForkJoinWorkerThread.java:188) [?:?]
[20:17:17] [Worker-Main-1/ERROR] (Minecraft) Failed to load model aetherklang:models/item/motiv_schwinge_spawn_egg.json
net.minecraft.util.InvalidIdentifierException: Non [a-z0-9/._-] character in path of location: minecraft:item:phantom_spawn_egg
	at knot/net.minecraft.util.Identifier.validatePath(Identifier.java:390) ~[minecraft-common-42d054c137-1.21.9-net.fabricmc.yarn.1_21_9.1.21.9+build.1-v2.jar:?]
	at knot/net.minecraft.util.Identifier.ofValidated(Identifier.java:122) ~[minecraft-common-42d054c137-1.21.9-net.fabricmc.yarn.1_21_9.1.21.9+build.1-v2.jar:?]
	at knot/net.minecraft.util.Identifier.splitOn(Identifier.java:164) ~[minecraft-common-42d054c137-1.21.9-net.fabricmc.yarn.1_21_9.1.21.9+build.1-v2.jar:?]
	at knot/net.minecraft.util.Identifier.of(Identifier.java:130) ~[minecraft-common-42d054c137-1.21.9-net.fabricmc.yarn.1_21_9.1.21.9+build.1-v2.jar:?]
	at knot/net.minecraft.client.render.model.json.JsonUnbakedModel$Deserializer.deserialize(JsonUnbakedModel.java:67) ~[minecraft-clientOnly-42d054c137-1.21.9-net.fabricmc.yarn.1_21_9.1.21.9+build.1-v2.jar:?]
	at knot/net.minecraft.client.render.model.json.JsonUnbakedModel$Deserializer.deserialize(JsonUnbakedModel.java) ~[minecraft-clientOnly-42d054c137-1.21.9-net.fabricmc.yarn.1_21_9.1.21.9+build.1-v2.jar:?]
	at knot/com.google.gson.internal.bind.TreeTypeAdapter.read(TreeTypeAdapter.java:95) ~[gson-2.11.0.jar:?]
	at knot/com.google.gson.Gson.fromJson(Gson.java:1361) ~[gson-2.11.0.jar:?]
	at knot/com.google.gson.Gson.fromJson(Gson.java:1463) ~[gson-2.11.0.jar:?]
	at knot/com.google.gson.Gson.fromJson(Gson.java:1434) ~[gson-2.11.0.jar:?]
	at knot/com.google.gson.internal.bind.TreeTypeAdapter$GsonContextImpl.deserialize(TreeTypeAdapter.java:199) ~[gson-2.11.0.jar:?]
	at knot/net.fabricmc.fabric.impl.client.model.loading.UnbakedModelJsonDeserializer.deserialize(UnbakedModelJsonDeserializer.java:70) ~[fabric-model-loading-api-v1-dd33ea72-client-6.0.1+3ffd6ef07d.jar:?]
	at knot/net.fabricmc.fabric.impl.client.model.loading.UnbakedModelJsonDeserializer.deserialize(UnbakedModelJsonDeserializer.java:35) ~[fabric-model-loading-api-v1-dd33ea72-client-6.0.1+3ffd6ef07d.jar:?]
	at knot/com.google.gson.internal.bind.TreeTypeAdapter.read(TreeTypeAdapter.java:95) ~[gson-2.11.0.jar:?]
	at knot/net.minecraft.util.JsonHelper.deserialize(JsonHelper.java:434) ~[minecraft-common-42d054c137-1.21.9-net.fabricmc.yarn.1_21_9.1.21.9+build.1-v2.jar:?]
	at knot/net.fabricmc.fabric.impl.client.model.loading.UnbakedModelDeserializerRegistry.deserialize(UnbakedModelDeserializerRegistry.java:52) ~[fabric-model-loading-api-v1-dd33ea72-client-6.0.1+3ffd6ef07d.jar:?]
	at knot/net.fabricmc.fabric.api.client.model.loading.v1.UnbakedModelDeserializer.deserialize(UnbakedModelDeserializer.java:80) ~[fabric-model-loading-api-v1-dd33ea72-client-6.0.1+3ffd6ef07d.jar:?]
	at knot/net.minecraft.client.render.model.BakedModelManager.modify$zbm000$fabric-model-loading-api-v1$actuallyDeserializeModel(BakedModelManager.java:648) ~[minecraft-clientOnly-42d054c137-1.21.9-net.fabricmc.yarn.1_21_9.1.21.9+build.1-v2.jar:?]
	at knot/net.minecraft.client.render.model.BakedModelManager.method_65750(BakedModelManager.java:190) ~[minecraft-clientOnly-42d054c137-1.21.9-net.fabricmc.yarn.1_21_9.1.21.9+build.1-v2.jar:?]
	at java.base/java.util.concurrent.CompletableFuture$AsyncSupply.run(CompletableFuture.java:1768) ~[?:?]
	at knot/net.minecraft.resource.SimpleResourceReload.method_67576(SimpleResourceReload.java:83) ~[minecraft-common-42d054c137-1.21.9-net.fabricmc.yarn.1_21_9.1.21.9+build.1-v2.jar:?]
	at java.base/java.util.concurrent.ForkJoinTask$RunnableExecuteAction.exec(ForkJoinTask.java:1423) [?:?]
	at java.base/java.util.concurrent.ForkJoinTask.doExec(ForkJoinTask.java:387) [?:?]
	at java.base/java.util.concurrent.ForkJoinPool$WorkQueue.topLevelExec(ForkJoinPool.java:1312) [?:?]
	at java.base/java.util.concurrent.ForkJoinPool.scan(ForkJoinPool.java:1843) [?:?]
	at java.base/java.util.concurrent.ForkJoinPool.runWorker(ForkJoinPool.java:1808) [?:?]
	at java.base/java.util.concurrent.ForkJoinWorkerThread.run(ForkJoinWorkerThread.java:188) [?:?]
[20:17:18] [Worker-Main-1/WARN] (Minecraft) Missing block model: aetherklang:item/motiv_pulser_spawn_egg
[20:17:18] [Worker-Main-1/WARN] (Minecraft) Missing block model: aetherklang:item/motiv_schwinge_spawn_egg
[20:17:19] [Worker-Main-1/WARN] (Minecraft) Missing textures in model aetherklang:item/relikt_rubato:
    minecraft:textures/atlas/blocks.png:minecraft:item/clock
[20:17:19] [Worker-Main-1/WARN] (Minecraft) Missing textures in model aetherklang:item/relikt_pizzicato:
    minecraft:textures/atlas/blocks.png:minecraft:item/tripwire_hook
[20:17:20] [Render thread/ERROR] (Minecraft) Error starting SoundSystem. Turning off sounds & music
java.lang.IllegalStateException: Failed to open OpenAL device
	at knot/net.minecraft.client.sound.SoundEngine.openDeviceOrFallback(SoundEngine.java:205) ~[minecraft-clientOnly-42d054c137-1.21.9-net.fabricmc.yarn.1_21_9.1.21.9+build.1-v2.jar:?]
	at knot/net.minecraft.client.sound.SoundEngine.init(SoundEngine.java:73) ~[minecraft-clientOnly-42d054c137-1.21.9-net.fabricmc.yarn.1_21_9.1.21.9+build.1-v2.jar:?]
	at knot/net.minecraft.client.sound.SoundSystem.start(SoundSystem.java:98) ~[minecraft-clientOnly-42d054c137-1.21.9-net.fabricmc.yarn.1_21_9.1.21.9+build.1-v2.jar:?]
	at knot/net.minecraft.client.sound.SoundSystem.reloadSounds(SoundSystem.java:91) ~[minecraft-clientOnly-42d054c137-1.21.9-net.fabricmc.yarn.1_21_9.1.21.9+build.1-v2.jar:?]
	at knot/net.minecraft.client.sound.SoundManager.apply(SoundManager.java:166) ~[minecraft-clientOnly-42d054c137-1.21.9-net.fabricmc.yarn.1_21_9.1.21.9+build.1-v2.jar:?]
	at knot/net.minecraft.client.sound.SoundManager.apply(SoundManager.java) ~[minecraft-clientOnly-42d054c137-1.21.9-net.fabricmc.yarn.1_21_9.1.21.9+build.1-v2.jar:?]
	at knot/net.minecraft.resource.SinglePreparationResourceReloader.method_18790(SinglePreparationResourceReloader.java:21) ~[minecraft-common-42d054c137-1.21.9-net.fabricmc.yarn.1_21_9.1.21.9+build.1-v2.jar:?]
	at java.base/java.util.concurrent.CompletableFuture$UniAccept.tryFire(CompletableFuture.java:718) ~[?:?]
	at java.base/java.util.concurrent.CompletableFuture$Completion.run(CompletableFuture.java:482) ~[?:?]
	at knot/net.minecraft.resource.SimpleResourceReload.method_67574(SimpleResourceReload.java:90) ~[minecraft-common-42d054c137-1.21.9-net.fabricmc.yarn.1_21_9.1.21.9+build.1-v2.jar:?]
	at knot/net.minecraft.util.thread.ThreadExecutor.executeTask(ThreadExecutor.java:148) [minecraft-common-42d054c137-1.21.9-net.fabricmc.yarn.1_21_9.1.21.9+build.1-v2.jar:?]
	at knot/net.minecraft.util.thread.ReentrantThreadExecutor.executeTask(ReentrantThreadExecutor.java:24) [minecraft-common-42d054c137-1.21.9-net.fabricmc.yarn.1_21_9.1.21.9+build.1-v2.jar:?]
	at knot/net.minecraft.util.thread.ThreadExecutor.runTask(ThreadExecutor.java:122) [minecraft-common-42d054c137-1.21.9-net.fabricmc.yarn.1_21_9.1.21.9+build.1-v2.jar:?]
	at knot/net.minecraft.util.thread.ThreadExecutor.runTasks(ThreadExecutor.java:107) [minecraft-common-42d054c137-1.21.9-net.fabricmc.yarn.1_21_9.1.21.9+build.1-v2.jar:?]
	at knot/net.minecraft.client.MinecraftClient.render(MinecraftClient.java:1375) [minecraft-clientOnly-42d054c137-1.21.9-net.fabricmc.yarn.1_21_9.1.21.9+build.1-v2.jar:?]
	at knot/net.minecraft.client.MinecraftClient.run(MinecraftClient.java:999) [minecraft-clientOnly-42d054c137-1.21.9-net.fabricmc.yarn.1_21_9.1.21.9+build.1-v2.jar:?]
	at knot/net.minecraft.client.main.Main.main(Main.java:223) [minecraft-clientOnly-42d054c137-1.21.9-net.fabricmc.yarn.1_21_9.1.21.9+build.1-v2.jar:?]
	at net.fabricmc.loader.impl.game.minecraft.MinecraftGameProvider.launch(MinecraftGameProvider.java:506) [fabric-loader-0.17.2.jar:?]
	at net.fabricmc.loader.impl.launch.knot.Knot.launch(Knot.java:72) [fabric-loader-0.17.2.jar:?]
	at net.fabricmc.loader.impl.launch.knot.KnotClient.main(KnotClient.java:23) [fabric-loader-0.17.2.jar:?]
	at net.fabricmc.devlaunchinjector.Main.main(Main.java:86) [dev-launch-injector-0.2.1+build.8.jar:?]
[20:17:20] [Render thread/INFO] (Minecraft) Created: 512x256x0 minecraft:textures/atlas/particles.png-atlas
[20:17:20] [Render thread/INFO] (Minecraft) Created: 128x64x0 minecraft:textures/atlas/decorated_pot.png-atlas
[20:17:20] [Render thread/INFO] (Minecraft) Created: 2048x1024x0 minecraft:textures/atlas/armor_trims.png-atlas
[20:17:20] [Render thread/INFO] (Minecraft) Created: 512x256x0 minecraft:textures/atlas/paintings.png-atlas
[20:17:20] [Render thread/INFO] (Minecraft) Created: 512x512x0 minecraft:textures/atlas/shield_patterns.png-atlas
[20:17:20] [Render thread/INFO] (Minecraft) Created: 1024x1024x4 minecraft:textures/atlas/blocks.png-atlas
[20:17:20] [Render thread/INFO] (Minecraft) Created: 512x256x0 minecraft:textures/atlas/chest.png-atlas
[20:17:20] [Render thread/INFO] (Minecraft) Created: 512x512x0 minecraft:textures/atlas/banner_patterns.png-atlas
[20:17:20] [Render thread/INFO] (Minecraft) Created: 512x256x0 minecraft:textures/atlas/beds.png-atlas
[20:17:20] [Render thread/INFO] (Minecraft) Created: 1024x512x0 minecraft:textures/atlas/gui.png-atlas
[20:17:20] [Render thread/INFO] (Minecraft) Created: 64x64x0 minecraft:textures/atlas/map_decorations.png-atlas
[20:17:20] [Render thread/INFO] (Minecraft) Created: 256x256x0 minecraft:textures/atlas/signs.png-atlas
[20:17:20] [Render thread/INFO] (Minecraft) Created: 512x256x0 minecraft:textures/atlas/shulker_boxes.png-atlas
[20:44:19] [Render thread/INFO] (Minecraft) Resizing Dynamic Transforms UBO, capacity limit of 2 reached during a single frame. New capacity will be 4.
[20:44:19] [Render thread/INFO] (Minecraft) Connecting to localhost, 25575
[20:44:20] [Download-3/ERROR] (Minecraft) Failed to retrieve profile key pair
com.mojang.authlib.exceptions.MinecraftClientHttpException: Status: 401
	at knot/com.mojang.authlib.minecraft.client.MinecraftClient.readInputStream(MinecraftClient.java:103) ~[authlib-7.0.61.jar:?]
	at knot/com.mojang.authlib.minecraft.client.MinecraftClient.post(MinecraftClient.java:64) ~[authlib-7.0.61.jar:?]
	at knot/com.mojang.authlib.yggdrasil.YggdrasilUserApiService.getKeyPair(YggdrasilUserApiService.java:61) ~[authlib-7.0.61.jar:?]
	at knot/net.minecraft.client.session.ProfileKeysImpl.fetchKeyPair(ProfileKeysImpl.java:170) ~[minecraft-clientOnly-42d054c137-1.21.9-net.fabricmc.yarn.1_21_9.1.21.9+build.1-v2.jar:?]
	at knot/net.minecraft.client.session.ProfileKeysImpl.method_44291(ProfileKeysImpl.java:83) ~[minecraft-clientOnly-42d054c137-1.21.9-net.fabricmc.yarn.1_21_9.1.21.9+build.1-v2.jar:?]
	at java.base/java.util.concurrent.CompletableFuture$AsyncSupply.run(CompletableFuture.java:1768) ~[?:?]
	at java.base/java.util.concurrent.ThreadPoolExecutor.runWorker(ThreadPoolExecutor.java:1144) ~[?:?]
	at java.base/java.util.concurrent.ThreadPoolExecutor$Worker.run(ThreadPoolExecutor.java:642) ~[?:?]
	at java.base/java.lang.Thread.run(Thread.java:1583) [?:?]
[20:44:20] [Server Connector #1/ERROR] (Minecraft) Couldn't connect to server
io.netty.channel.AbstractChannel$AnnotatedConnectException: finishConnect(..) failed: Connection refused: localhost/127.0.0.1:25575
Caused by: java.net.ConnectException: finishConnect(..) failed: Connection refused
	at knot/io.netty.channel.unix.Errors.newConnectException0(Errors.java:166) ~[netty-transport-native-unix-common-4.1.118.Final.jar:?]
	at knot/io.netty.channel.unix.Errors.handleConnectErrno(Errors.java:131) ~[netty-transport-native-unix-common-4.1.118.Final.jar:?]
	at knot/io.netty.channel.unix.Socket.finishConnect(Socket.java:359) ~[netty-transport-native-unix-common-4.1.118.Final.jar:?]
	at knot/io.netty.channel.epoll.AbstractEpollChannel$AbstractEpollUnsafe.doFinishConnect(AbstractEpollChannel.java:715) ~[netty-transport-classes-epoll-4.1.118.Final.jar:?]
	at knot/io.netty.channel.epoll.AbstractEpollChannel$AbstractEpollUnsafe.finishConnect(AbstractEpollChannel.java:692) ~[netty-transport-classes-epoll-4.1.118.Final.jar:?]
	at knot/io.netty.channel.epoll.AbstractEpollChannel$AbstractEpollUnsafe.epollOutReady(AbstractEpollChannel.java:567) ~[netty-transport-classes-epoll-4.1.118.Final.jar:?]
	at knot/io.netty.channel.epoll.EpollEventLoop.processReady(EpollEventLoop.java:491) ~[netty-transport-classes-epoll-4.1.118.Final.jar:?]
	at knot/io.netty.channel.epoll.EpollEventLoop.run(EpollEventLoop.java:399) ~[netty-transport-classes-epoll-4.1.118.Final.jar:?]
	at knot/io.netty.util.concurrent.SingleThreadEventExecutor$4.run(SingleThreadEventExecutor.java:998) ~[netty-common-4.1.118.Final.jar:?]
	at knot/io.netty.util.internal.ThreadExecutorMap$2.run(ThreadExecutorMap.java:74) ~[netty-common-4.1.118.Final.jar:?]
	at java.base/java.lang.Thread.run(Thread.java:1583) ~[?:?]
[20:45:46] [Render thread/INFO] (Minecraft) Connecting to 127.0.0.1, 25791
[20:45:46] [Download-4/ERROR] (Minecraft) Failed to retrieve profile key pair
com.mojang.authlib.exceptions.MinecraftClientHttpException: Status: 401
	at knot/com.mojang.authlib.minecraft.client.MinecraftClient.readInputStream(MinecraftClient.java:103) ~[authlib-7.0.61.jar:?]
	at knot/com.mojang.authlib.minecraft.client.MinecraftClient.post(MinecraftClient.java:64) ~[authlib-7.0.61.jar:?]
	at knot/com.mojang.authlib.yggdrasil.YggdrasilUserApiService.getKeyPair(YggdrasilUserApiService.java:61) ~[authlib-7.0.61.jar:?]
	at knot/net.minecraft.client.session.ProfileKeysImpl.fetchKeyPair(ProfileKeysImpl.java:170) ~[minecraft-clientOnly-42d054c137-1.21.9-net.fabricmc.yarn.1_21_9.1.21.9+build.1-v2.jar:?]
	at knot/net.minecraft.client.session.ProfileKeysImpl.method_44291(ProfileKeysImpl.java:83) ~[minecraft-clientOnly-42d054c137-1.21.9-net.fabricmc.yarn.1_21_9.1.21.9+build.1-v2.jar:?]
	at java.base/java.util.concurrent.CompletableFuture$AsyncSupply.run(CompletableFuture.java:1768) ~[?:?]
	at java.base/java.util.concurrent.ThreadPoolExecutor.runWorker(ThreadPoolExecutor.java:1144) ~[?:?]
	at java.base/java.util.concurrent.ThreadPoolExecutor$Worker.run(ThreadPoolExecutor.java:642) ~[?:?]
	at java.base/java.lang.Thread.run(Thread.java:1583) [?:?]
[20:45:51] [Render thread/INFO] (Minecraft) Loaded 2 advancements
[20:45:52] [Render thread/INFO] (Minecraft) Resizing Dynamic Transforms UBO, capacity limit of 4 reached during a single frame. New capacity will be 8.
[20:45:52] [Render thread/INFO] (Minecraft) Resizing Dynamic Transforms UBO, capacity limit of 8 reached during a single frame. New capacity will be 16.
[20:45:54] [Render thread/INFO] (Minecraft) Resizing Dynamic Transforms UBO, capacity limit of 16 reached during a single frame. New capacity will be 32.
[20:45:54] [Render thread/INFO] (Minecraft) Resizing Dynamic Transforms UBO, capacity limit of 32 reached during a single frame. New capacity will be 64.
[20:45:55] [Render thread/INFO] (Minecraft) Resizing Dynamic Transforms UBO, capacity limit of 64 reached during a single frame. New capacity will be 128.
[20:45:57] [Render thread/INFO] (Minecraft) Resizing Dynamic Transforms UBO, capacity limit of 128 reached during a single frame. New capacity will be 256.
[20:46:05] [Render thread/INFO] (Minecraft) Resizing Dynamic Transforms UBO, capacity limit of 256 reached during a single frame. New capacity will be 512.
[20:46:23] [Render thread/INFO] (Minecraft) [System] [CHAT] Your game mode has been updated to Creative Mode
[20:46:27] [Render thread/INFO] (Minecraft) [System] [CHAT] Player110 has made the advancement [A World with a Voice]
[20:46:27] [Render thread/INFO] (Minecraft) [System] [CHAT] Progress rewarded: +1 Clef
[20:46:27] [Render thread/INFO] (Minecraft) [System] [CHAT] Player110 has completed the challenge [Motif Archive 39]
[20:46:27] [Render thread/INFO] (Minecraft) [System] [CHAT] Player110 has completed the challenge [Cadence Trial 15]
[20:46:27] [Render thread/INFO] (Minecraft) Loaded 12 advancements
[20:46:27] [Render thread/INFO] (Minecraft) Resizing Dynamic Transforms UBO, capacity limit of 512 reached during a single frame. New capacity will be 1024.
[20:50:10] [Render thread/WARN] (Minecraft) Missing resource minecraft:textures/textures/gui/advancements/backgrounds/end.png.png referenced from minecraft:textures/textures/gui/advancements/backgrounds/end.png.png
[20:51:58] [Render thread/INFO] (Minecraft) [System] [CHAT] Your game mode has been updated to Spectator Mode
[20:51:59] [Render thread/INFO] (Minecraft) [System] [CHAT] Player110 has made the advancement [Rising Tides]
[20:51:59] [Render thread/INFO] (Minecraft) [System] [CHAT] Progress rewarded: +1 Clef
[20:51:59] [Render thread/INFO] (Minecraft) Loaded 17 advancements
[20:51:59] [Render thread/INFO] (Minecraft) [System] [CHAT] Player110 has made the advancement [World · Beyond the Glockenspiel]
[20:51:59] [Render thread/INFO] (Minecraft) [System] [CHAT] Progress rewarded: +1 Clef
[20:51:59] [Render thread/INFO] (Minecraft) Loaded 17 advancements
[20:59:59] [Render thread/INFO] (Minecraft) Resizing Dynamic Transforms UBO, capacity limit of 1024 reached during a single frame. New capacity will be 2048.
[21:00:44] [Render thread/INFO] (Minecraft) [System] [CHAT] Player110 has made the advancement [Deep Foundation]
[21:00:44] [Render thread/INFO] (Minecraft) [System] [CHAT] Progress rewarded: +1 Clef
[21:00:44] [Render thread/INFO] (Minecraft) Loaded 17 advancements
[21:01:44] [Render thread/INFO] (Minecraft) [System] [CHAT] Player110 has reached the goal [Broken Reef]
[21:01:44] [Render thread/INFO] (Minecraft) [System] [CHAT] Progress rewarded: +1 Clef
[21:01:44] [Render thread/INFO] (Minecraft) Loaded 17 advancements
