[20:46:19] [main/INFO] (FabricLoader/GameProvider) Loading Minecraft 1.21.9 with Fabric Loader 0.17.2
[20:46:19] [main/INFO] (FabricLoader) Loading 43 mods:
	- aetherklang 0.2.0-sinfonie
	- fabric-api 0.134.1+1.21.9
	- fabric-api-base 1.0.0+14b92d897d
	- fabric-api-lookup-api-v1 1.6.106+d17682157d
	- fabric-biome-api-v1 16.1.0+c2417d4f7d
	- fabric-block-api-v1 1.1.5+d17682157d
	- fabric-block-view-api-v2 1.0.34+e4fd1b927d
	- fabric-command-api-v2 2.3.7+328a75ba7d
	- fabric-content-registries-v0 10.2.3+b6a242647d
	- fabric-convention-tags-v1 2.1.47+7f945d5b7d
	- fabric-convention-tags-v2 2.15.12+3154c1c87d
	- fabric-crash-report-info-v1 0.3.18+33df5e6e7d
	- fabric-data-attachment-api-v1 1.8.28+9bce411b7d
	- fabric-data-generation-api-v1 23.2.22+d8b85ef17d
	- fabric-dimensions-v1 4.0.22+38b9cc197d
	- fabric-entity-events-v1 2.1.12+14b92d897d
	- fabric-events-interaction-v0 4.0.35+5ba217127d
	- fabric-game-rule-api-v1 1.1.1+e47eaae57d
	- fabric-gametest-api-v1 3.1.18+33df5e6e7d
	- fabric-item-api-v1 11.5.8+9bce411b7d
	- fabric-item-group-api-v1 4.2.24+86b3ae577d
	- fabric-lifecycle-events-v1 2.6.9+33df5e6e7d
	- fabric-loot-api-v2 3.0.64+3f89f5a57d
	- fabric-loot-api-v3 2.0.11+d17682157d
	- fabric-message-api-v1 6.1.7+3154c1c87d
	- fabric-networking-api-v1 5.0.13+d269470c7d
	- fabric-object-builder-api-v1 21.1.24+9bce411b7d
	- fabric-particles-v1 4.2.2+a0ee59a47d
	- fabric-recipe-api-v1 8.1.26+d17682157d
	- fabric-registry-sync-v0 6.1.41+679c8c5c7d
	- fabric-rendering-fluids-v1 3.1.38+86b3ae577d
	- fabric-resource-conditions-api-v1 5.0.28+33df5e6e7d
	- fabric-resource-loader-v0 3.2.2+3388a3b27d
	- fabric-resource-loader-v1 1.0.2+225bca407d
	- fabric-screen-handler-api-v1 1.3.150+d17682157d
	- fabric-serialization-api-v1 1.0.0+d857c9767d
	- fabric-tag-api-v1 1.2.10+2fa446b27d
	- fabric-transfer-api-v1 6.0.15+79ec2c127d
	- fabric-transitive-access-wideners-v1 6.5.3+41eb43437d
	- fabricloader 0.17.2
	- java 21
	- minecraft 1.21.9
	- mixinextras 0.5.0
[20:46:20] [main/INFO] (FabricLoader/Mixin) SpongePowered MIXIN Subsystem Version=0.8.7 Source=file:/home/ubuntu/.gradle/caches/modules-2/files-2.1/net.fabricmc/sponge-mixin/0.16.3+mixin.0.8.7/3e535042688d1265447e52ad86950b7d9678a5fa/sponge-mixin-0.16.3+mixin.0.8.7.jar Service=Knot/Fabric Env=SERVER
[20:46:20] [main/INFO] (FabricLoader/Mixin) Loaded Fabric development mappings for mixin remapper!
[20:46:20] [main/INFO] (FabricLoader/Mixin) Compatibility level set to JAVA_21
[20:46:22] [main/INFO] (FabricLoader/MixinExtras|Service) Initializing MixinExtras via com.llamalad7.mixinextras.service.MixinExtrasServiceImpl(version=0.5.0).
[20:46:36] [main/INFO] (aetherklang) Sinfonie content catalog loaded: 50 definitions (4 instruments, 3 mobs, 17 islands, 1 akkorde, 1 bosses)
[20:46:36] [main/INFO] (aetherklang) Bosswerk loaded 6 phase scores with 8 operations
[20:46:36] [main/INFO] (aetherklang) Leitmotiv skill tree ready: 36 nodes across 3 branches
[20:46:36] [main/INFO] (aetherklang) Aetherklang registriert: Die Welt hat eine Stimme.
[20:46:36] [main/INFO] (aetherklang) Insel-Komponist registered: 120 Klangmeer islands across 16 archetypes
[20:46:36] [main/INFO] (Minecraft) Environment: Environment[sessionHost=https://sessionserver.mojang.com, servicesHost=https://api.minecraftservices.com, profilesHost=https://api.mojang.com, name=PROD]
[20:46:39] [main/INFO] (Minecraft) Loaded 1596 recipes
[20:46:39] [main/INFO] (Minecraft) Loaded 1671 advancements
[20:46:39] [main/INFO] (aetherklang) Partitur catalog loaded: 36 contracts, 3 per rotation
[20:46:39] [main/INFO] (aetherklang) Klangwerk catalog loaded: 158 definitions
[20:46:40] [main/INFO] (BiomeModificationImpl) Applied 54 biome modifications to 54 of 66 new biomes in 10.99 ms
[20:46:40] [Server thread/INFO] (Minecraft) Starting minecraft server version 1.21.9
[20:46:40] [Server thread/INFO] (Minecraft) Loading properties
[20:46:40] [Server thread/INFO] (Minecraft) Default game type: CREATIVE
[20:46:40] [Server thread/INFO] (Minecraft) Generating keypair
[20:46:40] [Server thread/INFO] (Minecraft) Starting Minecraft server on *:25575
[20:46:40] [Server thread/INFO] (Minecraft) Using epoll channel type
[20:46:40] [Server thread/WARN] (Minecraft) **** SERVER IS RUNNING IN OFFLINE/INSECURE MODE!
[20:46:40] [Server thread/WARN] (Minecraft) The server will make no attempt to authenticate usernames. Beware.
[20:46:40] [Server thread/WARN] (Minecraft) While this makes the game possible to play without internet access, it also opens up the ability for hackers to connect with any username they choose.
[20:46:40] [Server thread/WARN] (Minecraft) To change this, set "online-mode" to "true" in the server.properties file.
[20:46:40] [Server thread/INFO] (Minecraft) Preparing level "critical-content"
[20:46:44] [Server thread/INFO] (aetherklang) Tonarium expansion ready: gardens near 0/129/272, archives near 0/142/394
[20:46:44] [Server thread/INFO] (Minecraft) Loading 117 persistent chunks...
[20:46:45] [Server thread/INFO] (Minecraft) Preparing spawn area: 7%
[20:46:45] [Server thread/INFO] (Minecraft) Preparing spawn area: 27%
[20:46:45] [Server thread/INFO] (Minecraft) Time elapsed: 620 ms
[20:46:45] [Server thread/INFO] (Minecraft) Done (4.933s)! For help, type "help"
[20:46:45] [Server thread/INFO] (aetherklang) Klangschmiede ready: 8 upgrade recipes
[20:46:45] [Server thread/WARN] (TranslationConventionLogWarnings) 
	Dev warning - Untranslated Item Tags detected. Please translate your item tags so other mods such as recipe viewers can properly display your tag's name.
	The format desired is tag.item.<namespace>.<path> for the translation key with slashes in path turned into periods.
	To disable this message, set this system property in your runs: `-Dfabric-tag-conventions-v2.missingTagTranslationWarning=SILENCED`.
	To see individual untranslated item tags found, set the system property to `-Dfabric-tag-conventions-v2.missingTagTranslationWarning=VERBOSE`.
	Default is `SHORT`.

[20:47:24] [Server thread/INFO] (Minecraft) That position is not loaded
[20:47:24] [Server thread/INFO] (Minecraft) That position is not loaded
[20:47:24] [Server thread/INFO] (Minecraft) Summoned new Ostinato
[20:47:24] [Server thread/INFO] (Minecraft) Summoned new Ritardando
[20:47:24] [Server thread/INFO] (Minecraft) Dropped 1 [Sound Anvil]
[20:47:24] [Server thread/INFO] (Minecraft) Dropped 1 [Score Stand]
[20:47:24] [Server thread/INFO] (Minecraft) Dropped 0 items
[20:47:24] [Server thread/INFO] (Minecraft) Dropped 0 items
[20:47:24] [Server thread/INFO] (Minecraft) Dropped 1 [Score Disc I]
[20:47:41] [Server thread/INFO] (Minecraft) Marked chunk [-23, 124] in aetherklang:kammerton to be force loaded
[20:47:41] [Server thread/INFO] (Minecraft) Marked chunk [22, 124] in aetherklang:kammerton to be force loaded
[20:47:41] [Server thread/INFO] (Minecraft) Test passed
[20:47:41] [Server thread/INFO] (Minecraft) Test passed
[20:47:41] [Server thread/INFO] (Minecraft) No entity was found
[20:47:41] [Server thread/INFO] (Minecraft) No entity was found
[20:47:42] [Server thread/ERROR] (Minecraft) Encountered an unexpected exception
java.lang.NoClassDefFoundError: de/aetherklang/kaskade/KaskadeEventEngine$ActiveKaskade
	at knot/de.aetherklang.kaskade.KaskadeEventEngine.trigger(KaskadeEventEngine.java:81) ~[main/:?]
	at knot/de.aetherklang.kaskade.KaskadeCommands.start(KaskadeCommands.java:26) ~[main/:?]
	at knot/de.aetherklang.kaskade.KaskadeCommands.lambda$register$1(KaskadeCommands.java:19) ~[main/:?]
	at knot/com.mojang.brigadier.context.ContextChain.runExecutable(ContextChain.java:73) ~[brigadier-1.3.10.jar:?]
	at knot/net.minecraft.command.FixedCommandAction.execute(FixedCommandAction.java:26) ~[minecraft-common-42d054c137-1.21.9-net.fabricmc.yarn.1_21_9.1.21.9+build.1-v2.jar:?]
	at knot/net.minecraft.command.FixedCommandAction.execute(FixedCommandAction.java) ~[minecraft-common-42d054c137-1.21.9-net.fabricmc.yarn.1_21_9.1.21.9+build.1-v2.jar:?]
	at knot/net.minecraft.command.SourcedCommandAction.method_54405(SourcedCommandAction.java:8) ~[minecraft-common-42d054c137-1.21.9-net.fabricmc.yarn.1_21_9.1.21.9+build.1-v2.jar:?]
	at knot/net.minecraft.command.CommandQueueEntry.execute(CommandQueueEntry.java:5) ~[minecraft-common-42d054c137-1.21.9-net.fabricmc.yarn.1_21_9.1.21.9+build.1-v2.jar:?]
	at knot/net.minecraft.command.CommandExecutionContext.run(CommandExecutionContext.java:101) ~[minecraft-common-42d054c137-1.21.9-net.fabricmc.yarn.1_21_9.1.21.9+build.1-v2.jar:?]
	at knot/net.minecraft.server.command.CommandManager.callWithContext(CommandManager.java:325) ~[minecraft-common-42d054c137-1.21.9-net.fabricmc.yarn.1_21_9.1.21.9+build.1-v2.jar:?]
	at knot/net.minecraft.server.command.CommandManager.execute(CommandManager.java:256) ~[minecraft-common-42d054c137-1.21.9-net.fabricmc.yarn.1_21_9.1.21.9+build.1-v2.jar:?]
	at knot/net.minecraft.server.command.CommandManager.executeWithPrefix(CommandManager.java:236) ~[minecraft-common-42d054c137-1.21.9-net.fabricmc.yarn.1_21_9.1.21.9+build.1-v2.jar:?]
	at knot/net.minecraft.server.dedicated.MinecraftDedicatedServer.executeQueuedCommands(MinecraftDedicatedServer.java:482) ~[minecraft-common-42d054c137-1.21.9-net.fabricmc.yarn.1_21_9.1.21.9+build.1-v2.jar:?]
	at knot/net.minecraft.server.dedicated.MinecraftDedicatedServer.tickNetworkIo(MinecraftDedicatedServer.java:472) ~[minecraft-common-42d054c137-1.21.9-net.fabricmc.yarn.1_21_9.1.21.9+build.1-v2.jar:?]
	at knot/net.minecraft.server.MinecraftServer.tickWorlds(MinecraftServer.java:1191) ~[minecraft-common-42d054c137-1.21.9-net.fabricmc.yarn.1_21_9.1.21.9+build.1-v2.jar:?]
	at knot/net.minecraft.server.MinecraftServer.tick(MinecraftServer.java:1066) ~[minecraft-common-42d054c137-1.21.9-net.fabricmc.yarn.1_21_9.1.21.9+build.1-v2.jar:?]
	at knot/net.minecraft.server.dedicated.MinecraftDedicatedServer.tick(MinecraftDedicatedServer.java:337) ~[minecraft-common-42d054c137-1.21.9-net.fabricmc.yarn.1_21_9.1.21.9+build.1-v2.jar:?]
	at knot/net.minecraft.server.MinecraftServer.runServer(MinecraftServer.java:827) ~[minecraft-common-42d054c137-1.21.9-net.fabricmc.yarn.1_21_9.1.21.9+build.1-v2.jar:?]
	at knot/net.minecraft.server.MinecraftServer.method_29739(MinecraftServer.java:307) ~[minecraft-common-42d054c137-1.21.9-net.fabricmc.yarn.1_21_9.1.21.9+build.1-v2.jar:?]
	at java.base/java.lang.Thread.run(Thread.java:1583) [?:?]
Caused by: java.lang.ClassNotFoundException: de.aetherklang.kaskade.KaskadeEventEngine$ActiveKaskade
	at java.base/jdk.internal.loader.BuiltinClassLoader.loadClass(BuiltinClassLoader.java:641) ~[?:?]
	at java.base/java.lang.ClassLoader.loadClass(ClassLoader.java:526) ~[?:?]
	at net.fabricmc.loader.impl.launch.knot.KnotClassDelegate.loadClass(KnotClassDelegate.java:239) ~[fabric-loader-0.17.2.jar:?]
	at net.fabricmc.loader.impl.launch.knot.KnotClassLoader.loadClass(KnotClassLoader.java:119) ~[fabric-loader-0.17.2.jar:?]
	at java.base/java.lang.ClassLoader.loadClass(ClassLoader.java:526) ~[?:?]
	... 20 more
[20:47:42] [Server thread/ERROR] (Minecraft) This crash report has been saved to: /workspace/AETHERKLANG/run-critical/crash-reports/crash-2026-07-20_20.47.42-server.txt
[20:47:42] [Server thread/INFO] (Minecraft) Stopping server
[20:47:42] [Server thread/INFO] (Minecraft) Saving players
[20:47:42] [Server thread/INFO] (Minecraft) Saving worlds
[20:47:42] [Server thread/INFO] (Minecraft) Saving chunks for level 'ServerLevel[critical-content]'/minecraft:overworld
[20:47:43] [Server thread/INFO] (Minecraft) Saving chunks for level 'ServerLevel[critical-content]'/aetherklang:kammerton
[20:47:44] [Server thread/INFO] (Minecraft) Saving chunks for level 'ServerLevel[critical-content]'/minecraft:the_nether
[20:47:44] [Server thread/INFO] (Minecraft) Saving chunks for level 'ServerLevel[critical-content]'/minecraft:the_end
[20:47:44] [Server thread/INFO] (Minecraft) ThreadedAnvilChunkStorage (critical-content): All chunks are saved
[20:47:44] [Server thread/INFO] (Minecraft) ThreadedAnvilChunkStorage (kammerton): All chunks are saved
[20:47:44] [Server thread/INFO] (Minecraft) ThreadedAnvilChunkStorage (DIM-1): All chunks are saved
[20:47:44] [Server thread/INFO] (Minecraft) ThreadedAnvilChunkStorage (DIM1): All chunks are saved
[20:47:44] [Server thread/INFO] (Minecraft) ThreadedAnvilChunkStorage: All dimensions are saved
[20:47:44] [Server thread/ERROR] (Minecraft) Exception stopping the server
java.lang.NoClassDefFoundError: de/aetherklang/resonance/AkkordEngine
	at knot/de.aetherklang.crescendo.EnsembleAkkordHooks.lambda$registerLifecycle$4(EnsembleAkkordHooks.java:113) ~[main/:?]
	at knot/net.fabricmc.fabric.api.event.lifecycle.v1.ServerLifecycleEvents.lambda$static$6(ServerLifecycleEvents.java:76) ~[fabric-lifecycle-events-v1-dd33ea72-common-2.6.9+33df5e6e7d.jar:?]
	at knot/net.minecraft.server.MinecraftServer.handler$zje000$fabric-lifecycle-events-v1$afterShutdownServer(MinecraftServer.java:4085) ~[minecraft-common-42d054c137-1.21.9-net.fabricmc.yarn.1_21_9.1.21.9+build.1-v2.jar:?]
	at knot/net.minecraft.server.MinecraftServer.shutdown(MinecraftServer.java:754) ~[minecraft-common-42d054c137-1.21.9-net.fabricmc.yarn.1_21_9.1.21.9+build.1-v2.jar:?]
	at knot/net.minecraft.server.dedicated.MinecraftDedicatedServer.shutdown(MinecraftDedicatedServer.java:754) ~[minecraft-common-42d054c137-1.21.9-net.fabricmc.yarn.1_21_9.1.21.9+build.1-v2.jar:?]
	at knot/net.minecraft.server.MinecraftServer.runServer(MinecraftServer.java:863) ~[minecraft-common-42d054c137-1.21.9-net.fabricmc.yarn.1_21_9.1.21.9+build.1-v2.jar:?]
	at knot/net.minecraft.server.MinecraftServer.method_29739(MinecraftServer.java:307) ~[minecraft-common-42d054c137-1.21.9-net.fabricmc.yarn.1_21_9.1.21.9+build.1-v2.jar:?]
	at java.base/java.lang.Thread.run(Thread.java:1583) [?:?]
Caused by: java.lang.ClassNotFoundException: de.aetherklang.resonance.AkkordEngine
	at java.base/jdk.internal.loader.BuiltinClassLoader.loadClass(BuiltinClassLoader.java:641) ~[?:?]
	at java.base/java.lang.ClassLoader.loadClass(ClassLoader.java:526) ~[?:?]
	at net.fabricmc.loader.impl.launch.knot.KnotClassDelegate.loadClass(KnotClassDelegate.java:239) ~[fabric-loader-0.17.2.jar:?]
	at net.fabricmc.loader.impl.launch.knot.KnotClassLoader.loadClass(KnotClassLoader.java:119) ~[fabric-loader-0.17.2.jar:?]
	at java.base/java.lang.ClassLoader.loadClass(ClassLoader.java:526) ~[?:?]
	... 8 more
[20:48:42] [Server Watchdog/ERROR] (Minecraft) A single server tick took 60.00 seconds (should be max 0.05)
[20:48:42] [Server Watchdog/ERROR] (Minecraft) Considering it to be crashed, server will forcibly shutdown.
[20:48:43] [Server Watchdog/ERROR] (Minecraft) This crash report has been saved to: /workspace/AETHERKLANG/run-critical/crash-reports/crash-2026-07-20_20.48.43-server.txt
